Jun 13, 2019 3:14:11 PM assignment.day3.exception_logging.LoggingDemo main
INFO: My first log
Jun 13, 2019 3:14:11 PM assignment.day3.exception_logging.LoggingDemo main
INFO: Hi How r u?
Jun 13, 2019 3:14:11 PM assignment.day3.exception_logging.LoggingDemo main
SEVERE: severe message
Jun 13, 2019 3:14:11 PM assignment.day3.exception_logging.LoggingDemo main
WARNING: warning message
Jun 13, 2019 3:14:11 PM assignment.day3.exception_logging.LoggingDemo main
INFO: info message
Jun 13, 2019 3:14:25 PM assignment.day3.exception_logging.LoggingDemo main
INFO: My first log
Jun 13, 2019 3:14:25 PM assignment.day3.exception_logging.LoggingDemo main
INFO: Hi How r u?
Jun 13, 2019 3:14:25 PM assignment.day3.exception_logging.LoggingDemo main
SEVERE: severe message
Jun 13, 2019 3:14:25 PM assignment.day3.exception_logging.LoggingDemo main
WARNING: warning message
Jun 13, 2019 3:14:25 PM assignment.day3.exception_logging.LoggingDemo main
INFO: info message
Jun 13, 2019 3:14:26 PM assignment.day3.exception_logging.LoggingDemo main
INFO: My first log
Jun 13, 2019 3:14:26 PM assignment.day3.exception_logging.LoggingDemo main
INFO: Hi How r u?
Jun 13, 2019 3:14:26 PM assignment.day3.exception_logging.LoggingDemo main
SEVERE: severe message
Jun 13, 2019 3:14:26 PM assignment.day3.exception_logging.LoggingDemo main
WARNING: warning message
Jun 13, 2019 3:14:26 PM assignment.day3.exception_logging.LoggingDemo main
INFO: info message
Jun 13, 2019 3:14:27 PM assignment.day3.exception_logging.LoggingDemo main
INFO: My first log
Jun 13, 2019 3:14:27 PM assignment.day3.exception_logging.LoggingDemo main
INFO: Hi How r u?
Jun 13, 2019 3:14:27 PM assignment.day3.exception_logging.LoggingDemo main
SEVERE: severe message
Jun 13, 2019 3:14:27 PM assignment.day3.exception_logging.LoggingDemo main
WARNING: warning message
Jun 13, 2019 3:14:27 PM assignment.day3.exception_logging.LoggingDemo main
INFO: info message
